# JRE version: Java(TM) SE Runtime Environment (7.0_45-b18) (build 1.7.0_45-b18)
# Java VM: Java HotSpot(TM) 64-Bit Server VM (24.45-b08 mixed mode windows-amd64 compressed oops)
Heap
 PSYoungGen      total 377856K, used 40351K [0x00000007d5e00000, 0x00000007fa600000, 0x0000000800000000)
  eden space 173056K, 6% used [0x00000007d5e00000,0x00000007d68cf878,0x00000007e0700000)
  from space 204800K, 14% used [0x00000007e0700000,0x00000007e2398388,0x00000007ecf00000)
  to   space 202752K, 0% used [0x00000007ee000000,0x00000007ee000000,0x00000007fa600000)
 ParOldGen       total 889344K, used 592626K [0x0000000781a00000, 0x00000007b7e80000, 0x00000007d5e00000)
  object space 889344K, 66% used [0x0000000781a00000,0x00000007a5cbc810,0x00000007b7e80000)
 PSPermGen       total 70656K, used 40729K [0x000000077c800000, 0x0000000780d00000, 0x0000000781a00000)
  object space 70656K, 57% used [0x000000077c800000,0x000000077efc6618,0x0000000780d00000)
GC Heap History (10 events):
Event: 14.410 GC heap before
{Heap before GC invocations=15 (full 3):
 PSYoungGen      total 326656K, used 64256K [0x00000007d5e00000, 0x00000007f2700000, 0x0000000800000000)
  eden space 194048K, 0% used [0x00000007d5e00000,0x00000007d5e00000,0x00000007e1b80000)
  from space 132608K, 48% used [0x00000007e9c00000,0x00000007edac0000,0x00000007f1d80000)
  to   space 131584K, 0% used [0x00000007e1b80000,0x00000007e1b80000,0x00000007e9c00000)
 ParOldGen       total 375808K, used 368858K [0x0000000781a00000, 0x0000000798900000, 0x00000007d5e00000)
  object space 375808K, 98% used [0x0000000781a00000,0x0000000798236ad0,0x0000000798900000)
 PSPermGen       total 51200K, used 22704K [0x000000077c800000, 0x000000077fa00000, 0x0000000781a00000)
  object space 51200K, 44% used [0x000000077c800000,0x000000077de2c338,0x000000077fa00000)
Event: 15.955 GC heap after
Heap after GC invocations=15 (full 3):
 PSYoungGen      total 326656K, used 54931K [0x00000007d5e00000, 0x00000007f2700000, 0x0000000800000000)
  eden space 194048K, 0% used [0x00000007d5e00000,0x00000007d5e00000,0x00000007e1b80000)
  from space 132608K, 41% used [0x00000007e9c00000,0x00000007ed1a4e00,0x00000007f1d80000)
  to   space 131584K, 0% used [0x00000007e1b80000,0x00000007e1b80000,0x00000007e9c00000)
 ParOldGen       total 592896K, used 375373K [0x0000000781a00000, 0x00000007a5d00000, 0x00000007d5e00000)
  object space 592896K, 63% used [0x0000000781a00000,0x00000007988935a0,0x00000007a5d00000)
 PSPermGen       total 49664K, used 22704K [0x000000077c800000, 0x000000077f880000, 0x0000000781a00000)
  object space 49664K, 45% used [0x000000077c800000,0x000000077de2c238,0x000000077f880000)
}
Event: 16.320 GC heap before
{Heap before GC invocations=16 (full 3):
 PSYoungGen      total 326656K, used 248979K [0x00000007d5e00000, 0x00000007f2700000, 0x0000000800000000)
  eden space 194048K, 100% used [0x00000007d5e00000,0x00000007e1b80000,0x00000007e1b80000)
  from space 132608K, 41% used [0x00000007e9c00000,0x00000007ed1a4e00,0x00000007f1d80000)
  to   space 131584K, 0% used [0x00000007e1b80000,0x00000007e1b80000,0x00000007e9c00000)
 ParOldGen       total 592896K, used 375373K [0x0000000781a00000, 0x00000007a5d00000, 0x00000007d5e00000)
  object space 592896K, 63% used [0x0000000781a00000,0x00000007988935a0,0x00000007a5d00000)
 PSPermGen       total 49664K, used 22704K [0x000000077c800000, 0x000000077f880000, 0x0000000781a00000)
  object space 49664K, 45% used [0x000000077c800000,0x000000077de2c238,0x000000077f880000)
Event: 16.492 GC heap after
Heap after GC invocations=16 (full 3):
 PSYoungGen      total 325632K, used 127168K [0x00000007d5e00000, 0x00000007f6500000, 0x0000000800000000)
  eden space 194048K, 0% used [0x00000007d5e00000,0x00000007d5e00000,0x00000007e1b80000)
  from space 131584K, 96% used [0x00000007e1b80000,0x00000007e97b0000,0x00000007e9c00000)
  to   space 153600K, 0% used [0x00000007ecf00000,0x00000007ecf00000,0x00000007f6500000)
 ParOldGen       total 592896K, used 375373K [0x0000000781a00000, 0x00000007a5d00000, 0x00000007d5e00000)
  object space 592896K, 63% used [0x0000000781a00000,0x00000007988935a0,0x00000007a5d00000)
 PSPermGen       total 49664K, used 22704K [0x000000077c800000, 0x000000077f880000, 0x0000000781a00000)
  object space 49664K, 45% used [0x000000077c800000,0x000000077de2c238,0x000000077f880000)
}
Event: 19.781 GC heap before
{Heap before GC invocations=17 (full 3):
 PSYoungGen      total 325632K, used 321216K [0x00000007d5e00000, 0x00000007f6500000, 0x0000000800000000)
  eden space 194048K, 100% used [0x00000007d5e00000,0x00000007e1b80000,0x00000007e1b80000)
  from space 131584K, 96% used [0x00000007e1b80000,0x00000007e97b0000,0x00000007e9c00000)
  to   space 153600K, 0% used [0x00000007ecf00000,0x00000007ecf00000,0x00000007f6500000)
 ParOldGen       total 592896K, used 375373K [0x0000000781a00000, 0x00000007a5d00000, 0x00000007d5e00000)
  object space 592896K, 63% used [0x0000000781a00000,0x00000007988935a0,0x00000007a5d00000)
 PSPermGen       total 49664K, used 29249K [0x000000077c800000, 0x000000077f880000, 0x0000000781a00000)
  object space 49664K, 58% used [0x000000077c800000,0x000000077e490690,0x000000077f880000)
Event: 20.044 GC heap after
Heap after GC invocations=17 (full 3):
 PSYoungGen      total 326656K, used 153584K [0x00000007d5e00000, 0x00000007fc680000, 0x0000000800000000)
  eden space 173056K, 0% used [0x00000007d5e00000,0x00000007d5e00000,0x00000007e0700000)
  from space 153600K, 99% used [0x00000007ecf00000,0x00000007f64fc210,0x00000007f6500000)
  to   space 204800K, 0% used [0x00000007e0700000,0x00000007e0700000,0x00000007ecf00000)
 ParOldGen       total 592896K, used 440662K [0x0000000781a00000, 0x00000007a5d00000, 0x00000007d5e00000)
  object space 592896K, 74% used [0x0000000781a00000,0x000000079c855ab8,0x00000007a5d00000)
 PSPermGen       total 49664K, used 29249K [0x000000077c800000, 0x000000077f880000, 0x0000000781a00000)
  object space 49664K, 58% used [0x000000077c800000,0x000000077e490690,0x000000077f880000)
}
Event: 336.221 GC heap before
{Heap before GC invocations=18 (full 3):
 PSYoungGen      total 326656K, used 326640K [0x00000007d5e00000, 0x00000007fc680000, 0x0000000800000000)
  eden space 173056K, 100% used [0x00000007d5e00000,0x00000007e0700000,0x00000007e0700000)
  from space 153600K, 99% used [0x00000007ecf00000,0x00000007f64fc210,0x00000007f6500000)
  to   space 204800K, 0% used [0x00000007e0700000,0x00000007e0700000,0x00000007ecf00000)
 ParOldGen       total 592896K, used 440662K [0x0000000781a00000, 0x00000007a5d00000, 0x00000007d5e00000)
  object space 592896K, 74% used [0x0000000781a00000,0x000000079c855ab8,0x00000007a5d00000)
 PSPermGen       total 49664K, used 40466K [0x000000077c800000, 0x000000077f880000, 0x0000000781a00000)
  object space 49664K, 81% used [0x000000077c800000,0x000000077ef84850,0x000000077f880000)
Event: 336.439 GC heap after
Heap after GC invocations=18 (full 3):
 PSYoungGen      total 377856K, used 100022K [0x00000007d5e00000, 0x00000007fa600000, 0x0000000800000000)
  eden space 173056K, 0% used [0x00000007d5e00000,0x00000007d5e00000,0x00000007e0700000)
  from space 204800K, 48% used [0x00000007e0700000,0x00000007e68ad998,0x00000007ecf00000)
  to   space 202752K, 0% used [0x00000007ee000000,0x00000007ee000000,0x00000007fa600000)
 ParOldGen       total 592896K, used 529910K [0x0000000781a00000, 0x00000007a5d00000, 0x00000007d5e00000)
  object space 592896K, 89% used [0x0000000781a00000,0x00000007a1f7dab8,0x00000007a5d00000)
 PSPermGen       total 49664K, used 40466K [0x000000077c800000, 0x000000077f880000, 0x0000000781a00000)
  object space 49664K, 81% used [0x000000077c800000,0x000000077ef84850,0x000000077f880000)
}
Event: 336.439 GC heap before
{Heap before GC invocations=19 (full 4):
 PSYoungGen      total 377856K, used 100022K [0x00000007d5e00000, 0x00000007fa600000, 0x0000000800000000)
  eden space 173056K, 0% used [0x00000007d5e00000,0x00000007d5e00000,0x00000007e0700000)
  from space 204800K, 48% used [0x00000007e0700000,0x00000007e68ad998,0x00000007ecf00000)
  to   space 202752K, 0% used [0x00000007ee000000,0x00000007ee000000,0x00000007fa600000)
 ParOldGen       total 592896K, used 529910K [0x0000000781a00000, 0x00000007a5d00000, 0x00000007d5e00000)
  object space 592896K, 89% used [0x0000000781a00000,0x00000007a1f7dab8,0x00000007a5d00000)
 PSPermGen       total 49664K, used 40466K [0x000000077c800000, 0x000000077f880000, 0x0000000781a00000)
  object space 49664K, 81% used [0x000000077c800000,0x000000077ef84850,0x000000077f880000)
Event: 339.353 GC heap after
Heap after GC invocations=19 (full 4):
 PSYoungGen      total 377856K, used 29280K [0x00000007d5e00000, 0x00000007fa600000, 0x0000000800000000)
  eden space 173056K, 0% used [0x00000007d5e00000,0x00000007d5e00000,0x00000007e0700000)
  from space 204800K, 14% used [0x00000007e0700000,0x00000007e2398388,0x00000007ecf00000)
  to   space 202752K, 0% used [0x00000007ee000000,0x00000007ee000000,0x00000007fa600000)
 ParOldGen       total 889344K, used 592626K [0x0000000781a00000, 0x00000007b7e80000, 0x00000007d5e00000)
  object space 889344K, 66% used [0x0000000781a00000,0x00000007a5cbc810,0x00000007b7e80000)
 PSPermGen       total 70656K, used 40390K [0x000000077c800000, 0x0000000780d00000, 0x0000000781a00000)
  object space 70656K, 57% used [0x000000077c800000,0x000000077ef71978,0x0000000780d00000)
}

