# JRE version: Java(TM) SE Runtime Environment (7.0_45-b18) (build 1.7.0_45-b18)
# Java VM: Java HotSpot(TM) 64-Bit Server VM (24.45-b08 mixed mode windows-amd64 compressed oops)
Heap
 PSYoungGen      total 416256K, used 184478K [0x00000007d5e00000, 0x00000007feb00000, 0x0000000800000000)
  eden space 214528K, 57% used [0x00000007d5e00000,0x00000007dd6ad210,0x00000007e2f80000)
  from space 201728K, 30% used [0x00000007f0580000,0x00000007f40fa938,0x00000007fca80000)
  to   space 219136K, 0% used [0x00000007e2f80000,0x00000007e2f80000,0x00000007f0580000)
 ParOldGen       total 838656K, used 527304K [0x0000000781a00000, 0x00000007b4d00000, 0x00000007d5e00000)
  object space 838656K, 62% used [0x0000000781a00000,0x00000007a1cf2380,0x00000007b4d00000)
 PSPermGen       total 49152K, used 39853K [0x000000077c800000, 0x000000077f800000, 0x0000000781a00000)
  object space 49152K, 81% used [0x000000077c800000,0x000000077eeeb5e8,0x000000077f800000)
GC Heap History (10 events):
Event: 13.048 GC heap before
{Heap before GC invocations=12 (full 3):
 PSYoungGen      total 278016K, used 78305K [0x00000007d5e00000, 0x00000007f4680000, 0x0000000800000000)
  eden space 199680K, 0% used [0x00000007d5e00000,0x00000007d5e00000,0x00000007e2100000)
  from space 78336K, 99% used [0x00000007e2100000,0x00000007e6d786d0,0x00000007e6d80000)
  to   space 140288K, 0% used [0x00000007ebd80000,0x00000007ebd80000,0x00000007f4680000)
 ParOldGen       total 298496K, used 269737K [0x0000000781a00000, 0x0000000793d80000, 0x00000007d5e00000)
  object space 298496K, 90% used [0x0000000781a00000,0x000000079216a588,0x0000000793d80000)
 PSPermGen       total 51200K, used 22627K [0x000000077c800000, 0x000000077fa00000, 0x0000000781a00000)
  object space 51200K, 44% used [0x000000077c800000,0x000000077de18f70,0x000000077fa00000)
Event: 14.192 GC heap after
Heap after GC invocations=12 (full 3):
 PSYoungGen      total 278016K, used 44023K [0x00000007d5e00000, 0x00000007f4680000, 0x0000000800000000)
  eden space 199680K, 0% used [0x00000007d5e00000,0x00000007d5e00000,0x00000007e2100000)
  from space 78336K, 56% used [0x00000007e2100000,0x00000007e4bfdcd0,0x00000007e6d80000)
  to   space 140288K, 0% used [0x00000007ebd80000,0x00000007ebd80000,0x00000007f4680000)
 ParOldGen       total 527360K, used 298204K [0x0000000781a00000, 0x00000007a1d00000, 0x00000007d5e00000)
  object space 527360K, 56% used [0x0000000781a00000,0x0000000793d37008,0x00000007a1d00000)
 PSPermGen       total 49152K, used 22627K [0x000000077c800000, 0x000000077f800000, 0x0000000781a00000)
  object space 49152K, 46% used [0x000000077c800000,0x000000077de18f70,0x000000077f800000)
}
Event: 14.996 GC heap before
{Heap before GC invocations=13 (full 3):
 PSYoungGen      total 278016K, used 243703K [0x00000007d5e00000, 0x00000007f4680000, 0x0000000800000000)
  eden space 199680K, 100% used [0x00000007d5e00000,0x00000007e2100000,0x00000007e2100000)
  from space 78336K, 56% used [0x00000007e2100000,0x00000007e4bfdcd0,0x00000007e6d80000)
  to   space 140288K, 0% used [0x00000007ebd80000,0x00000007ebd80000,0x00000007f4680000)
 ParOldGen       total 527360K, used 298204K [0x0000000781a00000, 0x00000007a1d00000, 0x00000007d5e00000)
  object space 527360K, 56% used [0x0000000781a00000,0x0000000793d37008,0x00000007a1d00000)
 PSPermGen       total 49152K, used 22695K [0x000000077c800000, 0x000000077f800000, 0x0000000781a00000)
  object space 49152K, 46% used [0x000000077c800000,0x000000077de29c10,0x000000077f800000)
Event: 15.163 GC heap after
Heap after GC invocations=13 (full 3):
 PSYoungGen      total 340480K, used 122336K [0x00000007d5e00000, 0x00000007f6980000, 0x0000000800000000)
  eden space 200192K, 0% used [0x00000007d5e00000,0x00000007d5e00000,0x00000007e2180000)
  from space 140288K, 87% used [0x00000007ebd80000,0x00000007f34f83b8,0x00000007f4680000)
  to   space 159744K, 0% used [0x00000007e2180000,0x00000007e2180000,0x00000007ebd80000)
 ParOldGen       total 527360K, used 298204K [0x0000000781a00000, 0x00000007a1d00000, 0x00000007d5e00000)
  object space 527360K, 56% used [0x0000000781a00000,0x0000000793d37008,0x00000007a1d00000)
 PSPermGen       total 49152K, used 22695K [0x000000077c800000, 0x000000077f800000, 0x0000000781a00000)
  object space 49152K, 46% used [0x000000077c800000,0x000000077de29c10,0x000000077f800000)
}
Event: 15.534 GC heap before
{Heap before GC invocations=14 (full 3):
 PSYoungGen      total 340480K, used 322528K [0x00000007d5e00000, 0x00000007f6980000, 0x0000000800000000)
  eden space 200192K, 100% used [0x00000007d5e00000,0x00000007e2180000,0x00000007e2180000)
  from space 140288K, 87% used [0x00000007ebd80000,0x00000007f34f83b8,0x00000007f4680000)
  to   space 159744K, 0% used [0x00000007e2180000,0x00000007e2180000,0x00000007ebd80000)
 ParOldGen       total 527360K, used 298204K [0x0000000781a00000, 0x00000007a1d00000, 0x00000007d5e00000)
  object space 527360K, 56% used [0x0000000781a00000,0x0000000793d37008,0x00000007a1d00000)
 PSPermGen       total 49152K, used 22695K [0x000000077c800000, 0x000000077f800000, 0x0000000781a00000)
  object space 49152K, 46% used [0x000000077c800000,0x000000077de29c10,0x000000077f800000)
Event: 15.786 GC heap after
Heap after GC invocations=14 (full 3):
 PSYoungGen      total 359936K, used 159712K [0x00000007d5e00000, 0x00000007fca80000, 0x0000000800000000)
  eden space 200192K, 0% used [0x00000007d5e00000,0x00000007d5e00000,0x00000007e2180000)
  from space 159744K, 99% used [0x00000007e2180000,0x00000007ebd782c8,0x00000007ebd80000)
  to   space 201728K, 0% used [0x00000007f0580000,0x00000007f0580000,0x00000007fca80000)
 ParOldGen       total 527360K, used 334812K [0x0000000781a00000, 0x00000007a1d00000, 0x00000007d5e00000)
  object space 527360K, 63% used [0x0000000781a00000,0x00000007960f7088,0x00000007a1d00000)
 PSPermGen       total 49152K, used 22695K [0x000000077c800000, 0x000000077f800000, 0x0000000781a00000)
  object space 49152K, 46% used [0x000000077c800000,0x000000077de29c10,0x000000077f800000)
}
Event: 18.268 GC heap before
{Heap before GC invocations=15 (full 3):
 PSYoungGen      total 359936K, used 359902K [0x00000007d5e00000, 0x00000007fca80000, 0x0000000800000000)
  eden space 200192K, 99% used [0x00000007d5e00000,0x00000007e217f6e0,0x00000007e2180000)
  from space 159744K, 99% used [0x00000007e2180000,0x00000007ebd782c8,0x00000007ebd80000)
  to   space 201728K, 0% used [0x00000007f0580000,0x00000007f0580000,0x00000007fca80000)
 ParOldGen       total 527360K, used 334812K [0x0000000781a00000, 0x00000007a1d00000, 0x00000007d5e00000)
  object space 527360K, 63% used [0x0000000781a00000,0x00000007960f7088,0x00000007a1d00000)
 PSPermGen       total 49152K, used 26039K [0x000000077c800000, 0x000000077f800000, 0x0000000781a00000)
  object space 49152K, 52% used [0x000000077c800000,0x000000077e16df30,0x000000077f800000)
Event: 18.581 GC heap after
Heap after GC invocations=15 (full 3):
 PSYoungGen      total 416256K, used 150255K [0x00000007d5e00000, 0x00000007feb00000, 0x0000000800000000)
  eden space 214528K, 0% used [0x00000007d5e00000,0x00000007d5e00000,0x00000007e2f80000)
  from space 201728K, 74% used [0x00000007f0580000,0x00000007f983bf98,0x00000007fca80000)
  to   space 219136K, 0% used [0x00000007e2f80000,0x00000007e2f80000,0x00000007f0580000)
 ParOldGen       total 527360K, used 440012K [0x0000000781a00000, 0x00000007a1d00000, 0x00000007d5e00000)
  object space 527360K, 83% used [0x0000000781a00000,0x000000079c7b33b8,0x00000007a1d00000)
 PSPermGen       total 49152K, used 26039K [0x000000077c800000, 0x000000077f800000, 0x0000000781a00000)
  object space 49152K, 52% used [0x000000077c800000,0x000000077e16df30,0x000000077f800000)
}
Event: 18.581 GC heap before
{Heap before GC invocations=16 (full 4):
 PSYoungGen      total 416256K, used 150255K [0x00000007d5e00000, 0x00000007feb00000, 0x0000000800000000)
  eden space 214528K, 0% used [0x00000007d5e00000,0x00000007d5e00000,0x00000007e2f80000)
  from space 201728K, 74% used [0x00000007f0580000,0x00000007f983bf98,0x00000007fca80000)
  to   space 219136K, 0% used [0x00000007e2f80000,0x00000007e2f80000,0x00000007f0580000)
 ParOldGen       total 527360K, used 440012K [0x0000000781a00000, 0x00000007a1d00000, 0x00000007d5e00000)
  object space 527360K, 83% used [0x0000000781a00000,0x000000079c7b33b8,0x00000007a1d00000)
 PSPermGen       total 49152K, used 26039K [0x000000077c800000, 0x000000077f800000, 0x0000000781a00000)
  object space 49152K, 52% used [0x000000077c800000,0x000000077e16df30,0x000000077f800000)
Event: 21.553 GC heap after
Heap after GC invocations=16 (full 4):
 PSYoungGen      total 416256K, used 60906K [0x00000007d5e00000, 0x00000007feb00000, 0x0000000800000000)
  eden space 214528K, 0% used [0x00000007d5e00000,0x00000007d5e00000,0x00000007e2f80000)
  from space 201728K, 30% used [0x00000007f0580000,0x00000007f40fa938,0x00000007fca80000)
  to   space 219136K, 0% used [0x00000007e2f80000,0x00000007e2f80000,0x00000007f0580000)
 ParOldGen       total 838656K, used 527304K [0x0000000781a00000, 0x00000007b4d00000, 0x00000007d5e00000)
  object space 838656K, 62% used [0x0000000781a00000,0x00000007a1cf2380,0x00000007b4d00000)
 PSPermGen       total 49152K, used 26038K [0x000000077c800000, 0x000000077f800000, 0x0000000781a00000)
  object space 49152K, 52% used [0x000000077c800000,0x000000077e16da70,0x000000077f800000)
}

